<?xml version="1.0" encoding="UTF-8"?>
<!-- Generated by org.testng.reporters.JUnitXMLReporter -->
<testsuite ignored="4" hostname="MSI" failures="0" tests="1" name="Default test" time="3.161" errors="0" timestamp="2024-07-15T16:06:32 IST">
  <testcase classname="posthookMockServer.Posthook" name="updateAHook" time="3.114"/>
  <testcase classname="posthookMockServer.Posthook" name="deleteAHook" time="0.0">
    <ignored/>
  </testcase> <!-- deleteAHook -->
  <testcase classname="posthookMockServer.Posthook" name="scheduleAHook" time="0.0">
    <ignored/>
  </testcase> <!-- scheduleAHook -->
  <testcase classname="posthookMockServer.Posthook" name="getHookID" time="0.0">
    <ignored/>
  </testcase> <!-- getHookID -->
  <testcase classname="posthookMockServer.Posthook" name="getHooks" time="0.0">
    <ignored/>
  </testcase> <!-- getHooks -->
</testsuite> <!-- Default test -->
