<?xml version="1.0" encoding="UTF-8"?>
<testng-results ignored="4" total="5" passed="1" failed="0" skipped="0">
  <reporter-output>
  </reporter-output>
  <suite started-at="2024-07-15T16:06:28 IST" name="Default suite" finished-at="2024-07-15T16:06:32 IST" duration-ms="3161">
    <groups>
    </groups>
    <test started-at="2024-07-15T16:06:28 IST" name="Default test" finished-at="2024-07-15T16:06:32 IST" duration-ms="3161">
      <class name="posthookMockServer.Posthook">
        <test-method signature="updateAHook()[pri:0, instance:posthookMockServer.Posthook@437da279]" started-at="2024-07-15T16:06:28 IST" name="updateAHook" finished-at="2024-07-15T16:06:32 IST" duration-ms="3114" status="PASS">
          <reporter-output>
          </reporter-output>
        </test-method> <!-- updateAHook -->
      </class> <!-- posthookMockServer.Posthook -->
    </test> <!-- Default test -->
  </suite> <!-- Default suite -->
</testng-results>
